This file contains any messages produced by compilers while
running configure, to aid debugging if configure makes a mistake.

It was created by configure, which was
generated by GNU Autoconf 2.68.  Invocation command line was

  $ ./configure 

## --------- ##
## Platform. ##
## --------- ##

hostname = massimo-VirtualBox
uname -m = x86_64
uname -r = 5.8.0-48-generic
uname -s = Linux
uname -v = #54~20.04.1-Ubuntu SMP Sat Mar 20 13:40:25 UTC 2021

/usr/bin/uname -p = x86_64
/bin/uname -X     = unknown

/bin/arch              = x86_64
/usr/bin/arch -k       = unknown
/usr/convex/getsysinfo = unknown
/usr/bin/hostinfo      = unknown
/bin/machine           = unknown
/usr/bin/oslevel       = unknown
/bin/universe          = unknown

PATH: /usr/local/sbin
PATH: /usr/local/bin
PATH: /usr/sbin
PATH: /usr/bin
PATH: /sbin
PATH: /bin
PATH: /usr/games
PATH: /usr/local/games
PATH: /snap/bin


## ----------- ##
## Core tests. ##
## ----------- ##

configure:1902: checking for a BSD-compatible install
configure:1970: result: /usr/bin/install -c
configure:1981: checking whether build environment is sane
configure:2031: result: yes
configure:2172: checking for a thread-safe mkdir -p
configure:2211: result: /usr/bin/mkdir -p
configure:2224: checking for gawk
configure:2254: result: no
configure:2224: checking for mawk
configure:2240: found /usr/bin/mawk
configure:2251: result: mawk
configure:2262: checking whether make sets $(MAKE)
configure:2284: result: yes
configure:2412: checking for gcc
configure:2428: found /usr/bin/gcc
configure:2439: result: gcc
configure:2668: checking for C compiler version
configure:2677: gcc --version >&5
gcc (Ubuntu 9.3.0-17ubuntu1~20.04) 9.3.0
Copyright (C) 2019 Free Software Foundation, Inc.
This is free software; see the source for copying conditions.  There is NO
warranty; not even for MERCHANTABILITY or FITNESS FOR A PARTICULAR PURPOSE.

configure:2688: $? = 0
configure:2677: gcc -v >&5
Using built-in specs.
COLLECT_GCC=gcc
COLLECT_LTO_WRAPPER=/usr/lib/gcc/x86_64-linux-gnu/9/lto-wrapper
OFFLOAD_TARGET_NAMES=nvptx-none:hsa
OFFLOAD_TARGET_DEFAULT=1
Target: x86_64-linux-gnu
Configured with: ../src/configure -v --with-pkgversion='Ubuntu 9.3.0-17ubuntu1~20.04' --with-bugurl=file:///usr/share/doc/gcc-9/README.Bugs --enable-languages=c,ada,c++,go,brig,d,fortran,objc,obj-c++,gm2 --prefix=/usr --with-gcc-major-version-only --program-suffix=-9 --program-prefix=x86_64-linux-gnu- --enable-shared --enable-linker-build-id --libexecdir=/usr/lib --without-included-gettext --enable-threads=posix --libdir=/usr/lib --enable-nls --enable-clocale=gnu --enable-libstdcxx-debug --enable-libstdcxx-time=yes --with-default-libstdcxx-abi=new --enable-gnu-unique-object --disable-vtable-verify --enable-plugin --enable-default-pie --with-system-zlib --with-target-system-zlib=auto --enable-objc-gc=auto --enable-multiarch --disable-werror --with-arch-32=i686 --with-abi=m64 --with-multilib-list=m32,m64,mx32 --enable-multilib --with-tune=generic --enable-offload-targets=nvptx-none=/build/gcc-9-HskZEa/gcc-9-9.3.0/debian/tmp-nvptx/usr,hsa --without-cuda-driver --enable-checking=release --build=x86_64-linux-gnu --host=x86_64-linux-gnu --target=x86_64-linux-gnu
Thread model: posix
gcc version 9.3.0 (Ubuntu 9.3.0-17ubuntu1~20.04) 
configure:2688: $? = 0
configure:2677: gcc -V >&5
gcc: error: unrecognized command line option '-V'
gcc: fatal error: no input files
compilation terminated.
configure:2688: $? = 1
configure:2677: gcc -qversion >&5
gcc: error: unrecognized command line option '-qversion'; did you mean '--version'?
gcc: fatal error: no input files
compilation terminated.
configure:2688: $? = 1
configure:2708: checking whether the C compiler works
configure:2730: gcc    conftest.c  >&5
configure:2734: $? = 0
configure:2782: result: yes
configure:2785: checking for C compiler default output file name
configure:2787: result: a.out
configure:2793: checking for suffix of executables
configure:2800: gcc -o conftest    conftest.c  >&5
configure:2804: $? = 0
configure:2826: result: 
configure:2848: checking whether we are cross compiling
configure:2856: gcc -o conftest    conftest.c  >&5
configure:2860: $? = 0
configure:2867: ./conftest
configure:2871: $? = 0
configure:2859: result: no
configure:2864: checking for suffix of object files
configure:2886: gcc -c   conftest.c >&5
configure:2890: $? = 0
configure:2911: result: o
configure:2915: checking whether we are using the GNU C compiler
configure:2934: gcc -c   conftest.c >&5
configure:2934: $? = 0
configure:2943: result: yes
configure:2952: checking whether gcc accepts -g
configure:2972: gcc -c -g  conftest.c >&5
configure:2972: $? = 0
configure:3013: result: yes
configure:3030: checking for gcc option to accept ISO C89
configure:3094: gcc  -c -g -O2  conftest.c >&5
configure:3094: $? = 0
configure:3107: result: none needed
configure:3138: checking for style of include used by make
configure:3166: result: GNU
configure:3191: checking dependency style of gcc
configure:3301: result: gcc3
configure:3317: checking whether ln -s works
configure:3321: result: yes
configure:3334: checking how to run the C preprocessor
configure:3365: gcc -E  conftest.c
configure:3365: $? = 0
configure:3379: gcc -E  conftest.c
conftest.c:11:10: fatal error: ac_nonexistent.h: No such file or directory
   11 | #include <ac_nonexistent.h>
      |          ^~~~~~~~~~~~~~~~~~
compilation terminated.
configure:3379: $? = 1
configure: failed program was:
| /* confdefs.h */
| #define PACKAGE_NAME ""
| #define PACKAGE_TARNAME ""
| #define PACKAGE_VERSION ""
| #define PACKAGE_STRING ""
| #define PACKAGE_BUGREPORT ""
| #define PACKAGE_URL ""
| #define PACKAGE "alsa-firmware"
| #define VERSION "1.0.25"
| /* end confdefs.h.  */
| #include <ac_nonexistent.h>
configure:3404: result: gcc -E
configure:3424: gcc -E  conftest.c
configure:3424: $? = 0
configure:3438: gcc -E  conftest.c
conftest.c:11:10: fatal error: ac_nonexistent.h: No such file or directory
   11 | #include <ac_nonexistent.h>
      |          ^~~~~~~~~~~~~~~~~~
compilation terminated.
configure:3438: $? = 1
configure: failed program was:
| /* confdefs.h */
| #define PACKAGE_NAME ""
| #define PACKAGE_TARNAME ""
| #define PACKAGE_VERSION ""
| #define PACKAGE_STRING ""
| #define PACKAGE_BUGREPORT ""
| #define PACKAGE_URL ""
| #define PACKAGE "alsa-firmware"
| #define VERSION "1.0.25"
| /* end confdefs.h.  */
| #include <ac_nonexistent.h>
configure:3467: checking for grep that handles long lines and -e
configure:3525: result: /usr/bin/grep
configure:3530: checking for egrep
configure:3592: result: /usr/bin/grep -E
configure:3597: checking for ANSI C header files
configure:3617: gcc -c -g -O2  conftest.c >&5
configure:3617: $? = 0
configure:3690: gcc -o conftest -g -O2   conftest.c  >&5
configure:3690: $? = 0
configure:3690: ./conftest
configure:3690: $? = 0
configure:3701: result: yes
configure:3738: checking for as31
configure:3771: result: no
configure:3811: checking firmware installation directory
configure:3835: result: /lib/firmware
configure:4010: creating ./config.status

## ---------------------- ##
## Running config.status. ##
## ---------------------- ##

This file was extended by config.status, which was
generated by GNU Autoconf 2.68.  Invocation command line was

  CONFIG_FILES    = 
  CONFIG_HEADERS  = 
  CONFIG_LINKS    = 
  CONFIG_COMMANDS = 
  $ ./config.status 

on massimo-VirtualBox

config.status:804: creating Makefile
config.status:804: creating hdsploader/Makefile
config.status:804: creating mixartloader/Makefile
config.status:804: creating usx2yloader/Makefile
config.status:804: creating vxloader/Makefile
config.status:804: creating pcxhrloader/Makefile
config.status:804: creating echoaudio/Makefile
config.status:804: creating emi_26_62/Makefile
config.status:804: creating emu/Makefile
config.status:804: creating asihpi/Makefile
config.status:804: creating korg1212/Makefile
config.status:804: creating maestro3/Makefile
config.status:804: creating multisound/Makefile
config.status:804: creating sb16/Makefile
config.status:804: creating wavefront/Makefile
config.status:804: creating ymfpci/Makefile
config.status:804: creating aica/Makefile
config.status:976: executing depfiles commands

## ---------------- ##
## Cache variables. ##
## ---------------- ##

ac_cv_c_compiler_gnu=yes
ac_cv_env_CC_set=
ac_cv_env_CC_value=
ac_cv_env_CFLAGS_set=
ac_cv_env_CFLAGS_value=
ac_cv_env_CPPFLAGS_set=
ac_cv_env_CPPFLAGS_value=
ac_cv_env_CPP_set=
ac_cv_env_CPP_value=
ac_cv_env_LDFLAGS_set=
ac_cv_env_LDFLAGS_value=
ac_cv_env_LIBS_set=
ac_cv_env_LIBS_value=
ac_cv_env_build_alias_set=
ac_cv_env_build_alias_value=
ac_cv_env_host_alias_set=
ac_cv_env_host_alias_value=
ac_cv_env_target_alias_set=
ac_cv_env_target_alias_value=
ac_cv_header_stdc=yes
ac_cv_objext=o
ac_cv_path_EGREP='/usr/bin/grep -E'
ac_cv_path_GREP=/usr/bin/grep
ac_cv_path_install='/usr/bin/install -c'
ac_cv_path_mkdir=/usr/bin/mkdir
ac_cv_prog_AWK=mawk
ac_cv_prog_CPP='gcc -E'
ac_cv_prog_ac_ct_CC=gcc
ac_cv_prog_cc_c89=
ac_cv_prog_cc_g=yes
ac_cv_prog_make_make_set=yes
am_cv_CC_dependencies_compiler_type=gcc3

## ----------------- ##
## Output variables. ##
## ----------------- ##

ACLOCAL='${SHELL} "/home/massimo/Desktop/Project RTS/alsa-firmware-1.0.25/missing" --run aclocal-1.11'
AMDEPBACKSLASH='\'
AMDEP_FALSE='#'
AMDEP_TRUE=''
AMTAR='${SHELL} "/home/massimo/Desktop/Project RTS/alsa-firmware-1.0.25/missing" --run tar'
AS31=''
AS31_FLAGS='-Fhex'
AUTOCONF='${SHELL} "/home/massimo/Desktop/Project RTS/alsa-firmware-1.0.25/missing" --run autoconf'
AUTOHEADER='${SHELL} "/home/massimo/Desktop/Project RTS/alsa-firmware-1.0.25/missing" --run autoheader'
AUTOMAKE='${SHELL} "/home/massimo/Desktop/Project RTS/alsa-firmware-1.0.25/missing" --run automake-1.11'
AWK='mawk'
BUILD_FW_FALSE=''
BUILD_FW_TRUE='#'
CC='gcc'
CCDEPMODE='depmode=gcc3'
CFLAGS='-g -O2'
CPP='gcc -E'
CPPFLAGS=''
CYGPATH_W='echo'
DEFS='-DPACKAGE_NAME=\"\" -DPACKAGE_TARNAME=\"\" -DPACKAGE_VERSION=\"\" -DPACKAGE_STRING=\"\" -DPACKAGE_BUGREPORT=\"\" -DPACKAGE_URL=\"\" -DPACKAGE=\"alsa-firmware\" -DVERSION=\"1.0.25\" -DSTDC_HEADERS=1'
DEPDIR='.deps'
ECHO_C=''
ECHO_N='-n'
ECHO_T=''
EGREP='/usr/bin/grep -E'
EXEEXT=''
GREP='/usr/bin/grep'
HOTPLUGFWDIR='/lib/firmware'
INSTALL_DATA='${INSTALL} -m 644'
INSTALL_PROGRAM='${INSTALL}'
INSTALL_SCRIPT='${INSTALL}'
INSTALL_STRIP_PROGRAM='$(install_sh) -c -s'
LDFLAGS=''
LIBOBJS=''
LIBS=''
LN_S='ln -s'
LTLIBOBJS=''
MAKEINFO='${SHELL} "/home/massimo/Desktop/Project RTS/alsa-firmware-1.0.25/missing" --run makeinfo'
MKDIR_P='/usr/bin/mkdir -p'
OBJEXT='o'
PACKAGE='alsa-firmware'
PACKAGE_BUGREPORT=''
PACKAGE_NAME=''
PACKAGE_STRING=''
PACKAGE_TARNAME=''
PACKAGE_URL=''
PACKAGE_VERSION=''
PATH_SEPARATOR=':'
SET_MAKE=''
SHELL='/bin/bash'
STRIP=''
USE_HOTPLUG_FALSE='#'
USE_HOTPLUG_TRUE=''
USE_LOADER_FALSE='#'
USE_LOADER_TRUE=''
VERSION='1.0.25'
ac_ct_CC='gcc'
am__EXEEXT_FALSE=''
am__EXEEXT_TRUE='#'
am__fastdepCC_FALSE='#'
am__fastdepCC_TRUE=''
am__include='include'
am__isrc=''
am__leading_dot='.'
am__quote=''
am__tar='${AMTAR} chof - "$$tardir"'
am__untar='${AMTAR} xf -'
bindir='${exec_prefix}/bin'
build_alias=''
datadir='${datarootdir}'
datarootdir='${prefix}/share'
docdir='${datarootdir}/doc/${PACKAGE}'
dvidir='${docdir}'
exec_prefix='${prefix}'
host_alias=''
htmldir='${docdir}'
includedir='${prefix}/include'
infodir='${datarootdir}/info'
install_sh='${SHELL} '\''/home/massimo/Desktop/Project RTS/alsa-firmware-1.0.25/install-sh'\'''
libdir='${exec_prefix}/lib'
libexecdir='${exec_prefix}/libexec'
localedir='${datarootdir}/locale'
localstatedir='${prefix}/var'
mandir='${datarootdir}/man'
mkdir_p='/usr/bin/mkdir -p'
oldincludedir='/usr/include'
pdfdir='${docdir}'
prefix='/usr/local'
program_transform_name='s,x,x,'
psdir='${docdir}'
sbindir='${exec_prefix}/sbin'
sharedstatedir='${prefix}/com'
sysconfdir='${prefix}/etc'
target_alias=''

## ----------- ##
## confdefs.h. ##
## ----------- ##

/* confdefs.h */
#define PACKAGE_NAME ""
#define PACKAGE_TARNAME ""
#define PACKAGE_VERSION ""
#define PACKAGE_STRING ""
#define PACKAGE_BUGREPORT ""
#define PACKAGE_URL ""
#define PACKAGE "alsa-firmware"
#define VERSION "1.0.25"
#define STDC_HEADERS 1

configure: exit 0
